# JRE version: OpenJDK Runtime Environment Temurin-17.0.6+10 (17.0.6+10) (build 17.0.6+10)
# Java VM: OpenJDK 64-Bit Server VM Temurin-17.0.6+10 (17.0.6+10, mixed mode, sharing, tiered, compressed oops, compressed class ptrs, g1 gc, windows-amd64)
GC Precious Log:
 CPUs: 12 total, 12 available
 Memory: 15713M
 Large Page Support: Disabled
 NUMA Support: Disabled
 Compressed Oops: Enabled (32-bit)
 Heap Region Size: 1M
 Heap Min Capacity: 8M
 Heap Initial Capacity: 246M
 Heap Max Capacity: 2G
 Pre-touch: Disabled
 Parallel Workers: 10
 Concurrent Workers: 3
 Concurrent Refinement Workers: 10
 Periodic GC: Disabled
Heap:
 garbage-first heap   total 145408K, used 81883K [0x0000000080000000, 0x0000000100000000)
  region size 1024K, 2 young (2048K), 2 survivors (2048K)
 Metaspace       used 85434K, committed 86272K, reserved 503808K
  class space    used 12141K, committed 12544K, reserved 421888K
GC Heap History (20 events):
Event: 10.908 GC heap after
{Heap after GC invocations=27 (full 0):
 garbage-first heap   total 116736K, used 61292K [0x0000000080000000, 0x0000000100000000)
  region size 1024K, 3 young (3072K), 3 survivors (3072K)
 Metaspace       used 65343K, committed 66112K, reserved 479232K
  class space    used 9247K, committed 9600K, reserved 421888K
}
Event: 11.152 GC heap before
{Heap before GC invocations=28 (full 0):
 garbage-first heap   total 117760K, used 82796K [0x0000000080000000, 0x0000000100000000)
  region size 1024K, 21 young (21504K), 3 survivors (3072K)
 Metaspace       used 67269K, committed 68096K, reserved 487424K
  class space    used 9513K, committed 9920K, reserved 421888K
}
Event: 11.155 GC heap after
{Heap after GC invocations=29 (full 0):
 garbage-first heap   total 117760K, used 66618K [0x0000000080000000, 0x0000000100000000)
  region size 1024K, 4 young (4096K), 4 survivors (4096K)
 Metaspace       used 67269K, committed 68096K, reserved 487424K
  class space    used 9513K, committed 9920K, reserved 421888K
}
Event: 11.457 GC heap before
{Heap before GC invocations=30 (full 0):
 garbage-first heap   total 135168K, used 102458K [0x0000000080000000, 0x0000000100000000)
  region size 1024K, 32 young (32768K), 4 survivors (4096K)
 Metaspace       used 69383K, committed 70208K, reserved 487424K
  class space    used 9778K, committed 10176K, reserved 421888K
}
Event: 11.461 GC heap after
{Heap after GC invocations=31 (full 0):
 garbage-first heap   total 135168K, used 77749K [0x0000000080000000, 0x0000000100000000)
  region size 1024K, 4 young (4096K), 4 survivors (4096K)
 Metaspace       used 69383K, committed 70208K, reserved 487424K
  class space    used 9778K, committed 10176K, reserved 421888K
}
Event: 11.479 GC heap before
{Heap before GC invocations=31 (full 0):
 garbage-first heap   total 135168K, used 79797K [0x0000000080000000, 0x0000000100000000)
  region size 1024K, 6 young (6144K), 4 survivors (4096K)
 Metaspace       used 69545K, committed 70336K, reserved 487424K
  class space    used 9794K, committed 10176K, reserved 421888K
}
Event: 11.481 GC heap after
{Heap after GC invocations=32 (full 0):
 garbage-first heap   total 135168K, used 78018K [0x0000000080000000, 0x0000000100000000)
  region size 1024K, 1 young (1024K), 1 survivors (1024K)
 Metaspace       used 69545K, committed 70336K, reserved 487424K
  class space    used 9794K, committed 10176K, reserved 421888K
}
Event: 11.768 GC heap before
{Heap before GC invocations=32 (full 0):
 garbage-first heap   total 135168K, used 108738K [0x0000000080000000, 0x0000000100000000)
  region size 1024K, 31 young (31744K), 1 survivors (1024K)
 Metaspace       used 71202K, committed 72000K, reserved 487424K
  class space    used 10034K, committed 10432K, reserved 421888K
}
Event: 11.770 GC heap after
{Heap after GC invocations=33 (full 0):
 garbage-first heap   total 135168K, used 78677K [0x0000000080000000, 0x0000000100000000)
  region size 1024K, 1 young (1024K), 1 survivors (1024K)
 Metaspace       used 71202K, committed 72000K, reserved 487424K
  class space    used 10034K, committed 10432K, reserved 421888K
}
Event: 12.127 GC heap before
{Heap before GC invocations=34 (full 0):
 garbage-first heap   total 142336K, used 117589K [0x0000000080000000, 0x0000000100000000)
  region size 1024K, 32 young (32768K), 1 survivors (1024K)
 Metaspace       used 73516K, committed 74304K, reserved 487424K
  class space    used 10309K, committed 10688K, reserved 421888K
}
Event: 12.130 GC heap after
{Heap after GC invocations=35 (full 0):
 garbage-first heap   total 142336K, used 87509K [0x0000000080000000, 0x0000000100000000)
  region size 1024K, 3 young (3072K), 3 survivors (3072K)
 Metaspace       used 73516K, committed 74304K, reserved 487424K
  class space    used 10309K, committed 10688K, reserved 421888K
}
Event: 12.164 GC heap before
{Heap before GC invocations=35 (full 0):
 garbage-first heap   total 142336K, used 89557K [0x0000000080000000, 0x0000000100000000)
  region size 1024K, 6 young (6144K), 3 survivors (3072K)
 Metaspace       used 73819K, committed 74624K, reserved 487424K
  class space    used 10341K, committed 10752K, reserved 421888K
}
Event: 12.166 GC heap after
{Heap after GC invocations=36 (full 0):
 garbage-first heap   total 142336K, used 80135K [0x0000000080000000, 0x0000000100000000)
  region size 1024K, 1 young (1024K), 1 survivors (1024K)
 Metaspace       used 73819K, committed 74624K, reserved 487424K
  class space    used 10341K, committed 10752K, reserved 421888K
}
Event: 12.525 GC heap before
{Heap before GC invocations=36 (full 0):
 garbage-first heap   total 142336K, used 114951K [0x0000000080000000, 0x0000000100000000)
  region size 1024K, 35 young (35840K), 1 survivors (1024K)
 Metaspace       used 78785K, committed 79552K, reserved 495616K
  class space    used 11363K, committed 11712K, reserved 421888K
}
Event: 12.527 GC heap after
{Heap after GC invocations=37 (full 0):
 garbage-first heap   total 142336K, used 80457K [0x0000000080000000, 0x0000000100000000)
  region size 1024K, 1 young (1024K), 1 survivors (1024K)
 Metaspace       used 78785K, committed 79552K, reserved 495616K
  class space    used 11363K, committed 11712K, reserved 421888K
}
Event: 14.692 GC heap before
{Heap before GC invocations=38 (full 0):
 garbage-first heap   total 145408K, used 117321K [0x0000000080000000, 0x0000000100000000)
  region size 1024K, 37 young (37888K), 1 survivors (1024K)
 Metaspace       used 79917K, committed 80704K, reserved 495616K
  class space    used 11473K, committed 11840K, reserved 421888K
}
Event: 14.694 GC heap after
{Heap after GC invocations=39 (full 0):
 garbage-first heap   total 145408K, used 80956K [0x0000000080000000, 0x0000000100000000)
  region size 1024K, 2 young (2048K), 2 survivors (2048K)
 Metaspace       used 79917K, committed 80704K, reserved 495616K
  class space    used 11473K, committed 11840K, reserved 421888K
}
Event: 14.735 GC heap before
{Heap before GC invocations=39 (full 0):
 garbage-first heap   total 145408K, used 85052K [0x0000000080000000, 0x0000000100000000)
  region size 1024K, 7 young (7168K), 2 survivors (2048K)
 Metaspace       used 80449K, committed 81280K, reserved 495616K
  class space    used 11543K, committed 11904K, reserved 421888K
}
Event: 14.738 GC heap after
{Heap after GC invocations=40 (full 0):
 garbage-first heap   total 145408K, used 81223K [0x0000000080000000, 0x0000000100000000)
  region size 1024K, 1 young (1024K), 1 survivors (1024K)
 Metaspace       used 80449K, committed 81280K, reserved 495616K
  class space    used 11543K, committed 11904K, reserved 421888K
}
Event: 15.038 GC heap before
{Heap before GC invocations=40 (full 0):
 garbage-first heap   total 145408K, used 119111K [0x0000000080000000, 0x0000000100000000)
  region size 1024K, 38 young (38912K), 1 survivors (1024K)
 Metaspace       used 85434K, committed 86272K, reserved 503808K
  class space    used 12141K, committed 12544K, reserved 421888K
}

